c:\users\jeong\downloads\hospital-dev (1)\hospital-dev\hospitalsystem\x64\release\hospitalsystem.pch
c:\users\jeong\downloads\hospital-dev (1)\hospital-dev\hospitalsystem\x64\release\vc143.pdb
c:\users\jeong\downloads\hospital-dev (1)\hospital-dev\hospitalsystem\x64\release\pch.obj
c:\users\jeong\downloads\hospital-dev (1)\hospital-dev\hospitalsystem\x64\release\hosipitaloffice.obj
c:\users\jeong\downloads\hospital-dev (1)\hospital-dev\hospitalsystem\x64\release\doctorpage1.obj
c:\users\jeong\downloads\hospital-dev (1)\hospital-dev\hospitalsystem\x64\release\decision.obj
c:\users\jeong\downloads\hospital-dev (1)\hospital-dev\hospitalsystem\x64\release\dcodedb.obj
c:\users\jeong\downloads\hospital-dev (1)\hospital-dev\hospitalsystem\x64\release\dcodecontroller.obj
c:\users\jeong\downloads\hospital-dev (1)\hospital-dev\hospitalsystem\x64\release\dcode.obj
c:\users\jeong\downloads\hospital-dev (1)\hospital-dev\hospitalsystem\x64\release\dbconnect.obj
c:\users\jeong\downloads\hospital-dev (1)\hospital-dev\hospitalsystem\x64\release\databasemanager.obj
c:\users\jeong\downloads\hospital-dev (1)\hospital-dev\hospitalsystem\x64\release\chathistorydto.obj
c:\users\jeong\downloads\hospital-dev (1)\hospital-dev\hospitalsystem\x64\release\chartrecords.obj
c:\users\jeong\downloads\hospital-dev (1)\hospital-dev\hospitalsystem\x64\release\charthistorydb.obj
c:\users\jeong\downloads\hospital-dev (1)\hospital-dev\hospitalsystem\x64\release\charthistorycontroller.obj
c:\users\jeong\downloads\hospital-dev (1)\hospital-dev\hospitalsystem\x64\release\cbillingdialog.obj
c:\users\jeong\downloads\hospital-dev (1)\hospital-dev\hospitalsystem\x64\release\appointmentdto.obj
c:\users\jeong\downloads\hospital-dev (1)\hospital-dev\hospitalsystem\x64\release\appointmentdb.obj
c:\users\jeong\downloads\hospital-dev (1)\hospital-dev\hospitalsystem\x64\release\appointmentcontroller.obj
c:\users\jeong\downloads\hospital-dev (1)\hospital-dev\hospitalsystem\x64\release\appointment.obj
c:\users\jeong\downloads\hospital-dev (1)\hospital-dev\hospitalsystem\x64\release\alreadypatient.obj
c:\users\jeong\downloads\hospital-dev (1)\hospital-dev\hospitalsystem\x64\release\addpatients.obj
c:\users\jeong\downloads\hospital-dev (1)\hospital-dev\hospitalsystem\x64\release\addappointment.obj
c:\users\jeong\downloads\hospital-dev (1)\hospital-dev\hospitalsystem\x64\release\vaccinnationsdto.obj
c:\users\jeong\downloads\hospital-dev (1)\hospital-dev\hospitalsystem\x64\release\vaccinnationsdb.obj
c:\users\jeong\downloads\hospital-dev (1)\hospital-dev\hospitalsystem\x64\release\vaccinnations.obj
c:\users\jeong\downloads\hospital-dev (1)\hospital-dev\hospitalsystem\x64\release\signupcontroller.obj
c:\users\jeong\downloads\hospital-dev (1)\hospital-dev\hospitalsystem\x64\release\signup.obj
c:\users\jeong\downloads\hospital-dev (1)\hospital-dev\hospitalsystem\x64\release\prescriptionsdb.obj
c:\users\jeong\downloads\hospital-dev (1)\hospital-dev\hospitalsystem\x64\release\prescriptionscontroller.obj
c:\users\jeong\downloads\hospital-dev (1)\hospital-dev\hospitalsystem\x64\release\prescriptions.obj
c:\users\jeong\downloads\hospital-dev (1)\hospital-dev\hospitalsystem\x64\release\patientdto.obj
c:\users\jeong\downloads\hospital-dev (1)\hospital-dev\hospitalsystem\x64\release\patientdb.obj
c:\users\jeong\downloads\hospital-dev (1)\hospital-dev\hospitalsystem\x64\release\patientcontroller.obj
c:\users\jeong\downloads\hospital-dev (1)\hospital-dev\hospitalsystem\x64\release\patient.obj
c:\users\jeong\downloads\hospital-dev (1)\hospital-dev\hospitalsystem\x64\release\mcodedb.obj
c:\users\jeong\downloads\hospital-dev (1)\hospital-dev\hospitalsystem\x64\release\mcodecontroller.obj
c:\users\jeong\downloads\hospital-dev (1)\hospital-dev\hospitalsystem\x64\release\mcode.obj
c:\users\jeong\downloads\hospital-dev (1)\hospital-dev\hospitalsystem\x64\release\doctor.obj
c:\users\jeong\downloads\hospital-dev (1)\hospital-dev\hospitalsystem\x64\release\logincontroller.obj
c:\users\jeong\downloads\hospital-dev (1)\hospital-dev\hospitalsystem\x64\release\hospitalsystemdlg.obj
c:\users\jeong\downloads\hospital-dev (1)\hospital-dev\hospitalsystem\x64\release\hospitalsystem.obj
c:\users\jeong\downloads\hospital-dev (1)\hospital-dev\x64\release\hospitalsystem.exe
c:\users\jeong\downloads\hospital-dev (1)\hospital-dev\x64\release\hospitalsystem.pdb
c:\users\jeong\downloads\hospital-dev (1)\hospital-dev\hospitalsystem\x64\release\hospitalsystem.res
c:\users\jeong\downloads\hospital-dev (1)\hospital-dev\x64\release\hospitalsystem.lib
c:\users\jeong\downloads\hospital-dev (1)\hospital-dev\x64\release\hospitalsystem.exp
c:\users\jeong\downloads\hospital-dev (1)\hospital-dev\hospitalsystem\x64\release\hospitalsystem.ipdb
c:\users\jeong\downloads\hospital-dev (1)\hospital-dev\hospitalsystem\x64\release\hospitalsystem.iobj
c:\users\jeong\downloads\hospital-dev (1)\hospital-dev\hospitalsystem\x64\release\hospitalsystem.tlog\cl.command.1.tlog
c:\users\jeong\downloads\hospital-dev (1)\hospital-dev\hospitalsystem\x64\release\hospitalsystem.tlog\cl.items.tlog
c:\users\jeong\downloads\hospital-dev (1)\hospital-dev\hospitalsystem\x64\release\hospitalsystem.tlog\cl.read.1.tlog
c:\users\jeong\downloads\hospital-dev (1)\hospital-dev\hospitalsystem\x64\release\hospitalsystem.tlog\cl.write.1.tlog
c:\users\jeong\downloads\hospital-dev (1)\hospital-dev\hospitalsystem\x64\release\hospitalsystem.tlog\link.command.1.tlog
c:\users\jeong\downloads\hospital-dev (1)\hospital-dev\hospitalsystem\x64\release\hospitalsystem.tlog\link.read.1.tlog
c:\users\jeong\downloads\hospital-dev (1)\hospital-dev\hospitalsystem\x64\release\hospitalsystem.tlog\link.secondary.1.tlog
c:\users\jeong\downloads\hospital-dev (1)\hospital-dev\hospitalsystem\x64\release\hospitalsystem.tlog\link.write.1.tlog
c:\users\jeong\downloads\hospital-dev (1)\hospital-dev\hospitalsystem\x64\release\hospitalsystem.tlog\rc.command.1.tlog
c:\users\jeong\downloads\hospital-dev (1)\hospital-dev\hospitalsystem\x64\release\hospitalsystem.tlog\rc.read.1.tlog
c:\users\jeong\downloads\hospital-dev (1)\hospital-dev\hospitalsystem\x64\release\hospitalsystem.tlog\rc.write.1.tlog
